# JRE version: OpenJDK Runtime Environment (8.0_112-b06) (build 1.8.0_112-release-b06)
# Java VM: OpenJDK 64-Bit Server VM (25.112-b06 mixed mode windows-amd64 compressed oops)
Heap:
 PSYoungGen      total 215040K, used 177428K [0x00000000e0000000, 0x00000000f1200000, 0x0000000100000000)
  eden space 189952K, 92% used [0x00000000e0000000,0x00000000eaaae4f8,0x00000000eb980000)
  from space 25088K, 10% used [0x00000000eb980000,0x00000000ebc16b28,0x00000000ed200000)
  to   space 25088K, 0% used [0x00000000ef980000,0x00000000ef980000,0x00000000f1200000)
 ParOldGen       total 145408K, used 55100K [0x00000000a0000000, 0x00000000a8e00000, 0x00000000e0000000)
  object space 145408K, 37% used [0x00000000a0000000,0x00000000a35cf058,0x00000000a8e00000)
 Metaspace       used 66616K, capacity 69686K, committed 69888K, reserved 1110016K
  class space    used 8794K, capacity 9368K, committed 9472K, reserved 1048576K
GC Heap History (10 events):
Event: 108.532 GC heap before
{Heap before GC invocations=16 (full 2):
 PSYoungGen      total 137216K, used 98068K [0x00000000e0000000, 0x00000000ebb00000, 0x0000000100000000)
  eden space 119296K, 67% used [0x00000000e0000000,0x00000000e4e4c3e0,0x00000000e7480000)
  from space 17920K, 99% used [0x00000000e7480000,0x00000000e85f8cb8,0x00000000e8600000)
  to   space 23040K, 0% used [0x00000000ea480000,0x00000000ea480000,0x00000000ebb00000)
 ParOldGen       total 93184K, used 29786K [0x00000000a0000000, 0x00000000a5b00000, 0x00000000e0000000)
  object space 93184K, 31% used [0x00000000a0000000,0x00000000a1d16a78,0x00000000a5b00000)
 Metaspace       used 56866K, capacity 59116K, committed 59136K, reserved 1099776K
  class space    used 7721K, capacity 8175K, committed 8192K, reserved 1048576K
Event: 108.606 GC heap after
Heap after GC invocations=16 (full 2):
 PSYoungGen      total 166912K, used 19104K [0x00000000e0000000, 0x00000000eca80000, 0x0000000100000000)
  eden space 143872K, 0% used [0x00000000e0000000,0x00000000e0000000,0x00000000e8c80000)
  from space 23040K, 82% used [0x00000000ea480000,0x00000000eb728020,0x00000000ebb00000)
  to   space 24576K, 0% used [0x00000000e8c80000,0x00000000e8c80000,0x00000000ea480000)
 ParOldGen       total 93184K, used 38124K [0x00000000a0000000, 0x00000000a5b00000, 0x00000000e0000000)
  object space 93184K, 40% used [0x00000000a0000000,0x00000000a253b2a8,0x00000000a5b00000)
 Metaspace       used 56866K, capacity 59116K, committed 59136K, reserved 1099776K
  class space    used 7721K, capacity 8175K, committed 8192K, reserved 1048576K
}
Event: 108.606 GC heap before
{Heap before GC invocations=17 (full 3):
 PSYoungGen      total 166912K, used 19104K [0x00000000e0000000, 0x00000000eca80000, 0x0000000100000000)
  eden space 143872K, 0% used [0x00000000e0000000,0x00000000e0000000,0x00000000e8c80000)
  from space 23040K, 82% used [0x00000000ea480000,0x00000000eb728020,0x00000000ebb00000)
  to   space 24576K, 0% used [0x00000000e8c80000,0x00000000e8c80000,0x00000000ea480000)
 ParOldGen       total 93184K, used 38124K [0x00000000a0000000, 0x00000000a5b00000, 0x00000000e0000000)
  object space 93184K, 40% used [0x00000000a0000000,0x00000000a253b2a8,0x00000000a5b00000)
 Metaspace       used 56866K, capacity 59116K, committed 59136K, reserved 1099776K
  class space    used 7721K, capacity 8175K, committed 8192K, reserved 1048576K
Event: 109.185 GC heap after
Heap after GC invocations=17 (full 3):
 PSYoungGen      total 166912K, used 0K [0x00000000e0000000, 0x00000000eca80000, 0x0000000100000000)
  eden space 143872K, 0% used [0x00000000e0000000,0x00000000e0000000,0x00000000e8c80000)
  from space 23040K, 0% used [0x00000000ea480000,0x00000000ea480000,0x00000000ebb00000)
  to   space 24576K, 0% used [0x00000000e8c80000,0x00000000e8c80000,0x00000000ea480000)
 ParOldGen       total 145408K, used 43891K [0x00000000a0000000, 0x00000000a8e00000, 0x00000000e0000000)
  object space 145408K, 30% used [0x00000000a0000000,0x00000000a2adcc68,0x00000000a8e00000)
 Metaspace       used 56865K, capacity 59110K, committed 59136K, reserved 1099776K
  class space    used 7721K, capacity 8174K, committed 8192K, reserved 1048576K
}
Event: 294.839 GC heap before
{Heap before GC invocations=18 (full 3):
 PSYoungGen      total 166912K, used 143872K [0x00000000e0000000, 0x00000000eca80000, 0x0000000100000000)
  eden space 143872K, 100% used [0x00000000e0000000,0x00000000e8c80000,0x00000000e8c80000)
  from space 23040K, 0% used [0x00000000ea480000,0x00000000ea480000,0x00000000ebb00000)
  to   space 24576K, 0% used [0x00000000e8c80000,0x00000000e8c80000,0x00000000ea480000)
 ParOldGen       total 145408K, used 43891K [0x00000000a0000000, 0x00000000a8e00000, 0x00000000e0000000)
  object space 145408K, 30% used [0x00000000a0000000,0x00000000a2adcc68,0x00000000a8e00000)
 Metaspace       used 58640K, capacity 61414K, committed 61568K, reserved 1101824K
  class space    used 7902K, capacity 8460K, committed 8576K, reserved 1048576K
Event: 294.897 GC heap after
Heap after GC invocations=18 (full 3):
 PSYoungGen      total 168448K, used 5775K [0x00000000e0000000, 0x00000000eea00000, 0x0000000100000000)
  eden space 143872K, 0% used [0x00000000e0000000,0x00000000e0000000,0x00000000e8c80000)
  from space 24576K, 23% used [0x00000000e8c80000,0x00000000e9223c98,0x00000000ea480000)
  to   space 24576K, 0% used [0x00000000ed200000,0x00000000ed200000,0x00000000eea00000)
 ParOldGen       total 145408K, used 43899K [0x00000000a0000000, 0x00000000a8e00000, 0x00000000e0000000)
  object space 145408K, 30% used [0x00000000a0000000,0x00000000a2adec68,0x00000000a8e00000)
 Metaspace       used 58640K, capacity 61414K, committed 61568K, reserved 1101824K
  class space    used 7902K, capacity 8460K, committed 8576K, reserved 1048576K
}
Event: 301.500 GC heap before
{Heap before GC invocations=19 (full 3):
 PSYoungGen      total 168448K, used 149647K [0x00000000e0000000, 0x00000000eea00000, 0x0000000100000000)
  eden space 143872K, 100% used [0x00000000e0000000,0x00000000e8c80000,0x00000000e8c80000)
  from space 24576K, 23% used [0x00000000e8c80000,0x00000000e9223c98,0x00000000ea480000)
  to   space 24576K, 0% used [0x00000000ed200000,0x00000000ed200000,0x00000000eea00000)
 ParOldGen       total 145408K, used 43899K [0x00000000a0000000, 0x00000000a8e00000, 0x00000000e0000000)
  object space 145408K, 30% used [0x00000000a0000000,0x00000000a2adec68,0x00000000a8e00000)
 Metaspace       used 64473K, capacity 67372K, committed 67584K, reserved 1107968K
  class space    used 8559K, capacity 9099K, committed 9216K, reserved 1048576K
Event: 301.612 GC heap after
Heap after GC invocations=19 (full 3):
 PSYoungGen      total 214528K, used 16347K [0x00000000e0000000, 0x00000000eeb00000, 0x0000000100000000)
  eden space 189952K, 0% used [0x00000000e0000000,0x00000000e0000000,0x00000000eb980000)
  from space 24576K, 66% used [0x00000000ed200000,0x00000000ee1f6f88,0x00000000eea00000)
  to   space 25088K, 0% used [0x00000000eb980000,0x00000000eb980000,0x00000000ed200000)
 ParOldGen       total 145408K, used 48479K [0x00000000a0000000, 0x00000000a8e00000, 0x00000000e0000000)
  object space 145408K, 33% used [0x00000000a0000000,0x00000000a2f57c98,0x00000000a8e00000)
 Metaspace       used 64473K, capacity 67372K, committed 67584K, reserved 1107968K
  class space    used 8559K, capacity 9099K, committed 9216K, reserved 1048576K
}
Event: 302.700 GC heap before
{Heap before GC invocations=20 (full 3):
 PSYoungGen      total 214528K, used 205374K [0x00000000e0000000, 0x00000000eeb00000, 0x0000000100000000)
  eden space 189952K, 99% used [0x00000000e0000000,0x00000000eb898988,0x00000000eb980000)
  from space 24576K, 66% used [0x00000000ed200000,0x00000000ee1f6f88,0x00000000eea00000)
  to   space 25088K, 0% used [0x00000000eb980000,0x00000000eb980000,0x00000000ed200000)
 ParOldGen       total 145408K, used 48479K [0x00000000a0000000, 0x00000000a8e00000, 0x00000000e0000000)
  object space 145408K, 33% used [0x00000000a0000000,0x00000000a2f57c98,0x00000000a8e00000)
 Metaspace       used 65456K, capacity 68474K, committed 68736K, reserved 1107968K
  class space    used 8680K, capacity 9274K, committed 9344K, reserved 1048576K
Event: 302.718 GC heap after
Heap after GC invocations=20 (full 3):
 PSYoungGen      total 215040K, used 2650K [0x00000000e0000000, 0x00000000f1200000, 0x0000000100000000)
  eden space 189952K, 0% used [0x00000000e0000000,0x00000000e0000000,0x00000000eb980000)
  from space 25088K, 10% used [0x00000000eb980000,0x00000000ebc16b28,0x00000000ed200000)
  to   space 25088K, 0% used [0x00000000ef980000,0x00000000ef980000,0x00000000f1200000)
 ParOldGen       total 145408K, used 55100K [0x00000000a0000000, 0x00000000a8e00000, 0x00000000e0000000)
  object space 145408K, 37% used [0x00000000a0000000,0x00000000a35cf058,0x00000000a8e00000)
 Metaspace       used 65456K, capacity 68474K, committed 68736K, reserved 1107968K
  class space    used 8680K, capacity 9274K, committed 9344K, reserved 1048576K
}

