# JRE version: OpenJDK Runtime Environment (8.0_112-b06) (build 1.8.0_112-release-b06)
# Java VM: OpenJDK 64-Bit Server VM (25.112-b06 mixed mode windows-amd64 compressed oops)
Heap:
 PSYoungGen      total 364032K, used 64472K [0x00000000e0000000, 0x00000000f8080000, 0x0000000100000000)
  eden space 351744K, 18% used [0x00000000e0000000,0x00000000e3ef63d0,0x00000000f5780000)
  from space 12288K, 0% used [0x00000000f7480000,0x00000000f7480000,0x00000000f8080000)
  to   space 20992K, 0% used [0x00000000f5780000,0x00000000f5780000,0x00000000f6c00000)
 ParOldGen       total 125952K, used 30098K [0x00000000a0000000, 0x00000000a7b00000, 0x00000000e0000000)
  object space 125952K, 23% used [0x00000000a0000000,0x00000000a1d64a68,0x00000000a7b00000)
 Metaspace       used 57513K, capacity 59570K, committed 59672K, reserved 1101824K
  class space    used 7573K, capacity 7954K, committed 7960K, reserved 1048576K
GC Heap History (10 events):
Event: 18.891 GC heap before
{Heap before GC invocations=13 (full 2):
 PSYoungGen      total 186368K, used 183342K [0x00000000e0000000, 0x00000000eda80000, 0x0000000100000000)
  eden space 168960K, 99% used [0x00000000e0000000,0x00000000ea4b9878,0x00000000ea500000)
  from space 17408K, 84% used [0x00000000eb780000,0x00000000ec5d2038,0x00000000ec880000)
  to   space 18944K, 0% used [0x00000000ea500000,0x00000000ea500000,0x00000000eb780000)
 ParOldGen       total 97792K, used 25723K [0x00000000a0000000, 0x00000000a5f80000, 0x00000000e0000000)
  object space 97792K, 26% used [0x00000000a0000000,0x00000000a191ef30,0x00000000a5f80000)
 Metaspace       used 52404K, capacity 54166K, committed 54400K, reserved 1095680K
  class space    used 7122K, capacity 7524K, committed 7552K, reserved 1048576K
Event: 18.905 GC heap after
Heap after GC invocations=13 (full 2):
 PSYoungGen      total 187904K, used 13728K [0x00000000e0000000, 0x00000000f1c00000, 0x0000000100000000)
  eden space 168960K, 0% used [0x00000000e0000000,0x00000000e0000000,0x00000000ea500000)
  from space 18944K, 72% used [0x00000000ea500000,0x00000000eb268018,0x00000000eb780000)
  to   space 19456K, 0% used [0x00000000f0900000,0x00000000f0900000,0x00000000f1c00000)
 ParOldGen       total 97792K, used 25731K [0x00000000a0000000, 0x00000000a5f80000, 0x00000000e0000000)
  object space 97792K, 26% used [0x00000000a0000000,0x00000000a1920f30,0x00000000a5f80000)
 Metaspace       used 52404K, capacity 54166K, committed 54400K, reserved 1095680K
  class space    used 7122K, capacity 7524K, committed 7552K, reserved 1048576K
}
Event: 21.651 GC heap before
{Heap before GC invocations=14 (full 2):
 PSYoungGen      total 187904K, used 182688K [0x00000000e0000000, 0x00000000f1c00000, 0x0000000100000000)
  eden space 168960K, 100% used [0x00000000e0000000,0x00000000ea500000,0x00000000ea500000)
  from space 18944K, 72% used [0x00000000ea500000,0x00000000eb268018,0x00000000eb780000)
  to   space 19456K, 0% used [0x00000000f0900000,0x00000000f0900000,0x00000000f1c00000)
 ParOldGen       total 97792K, used 25731K [0x00000000a0000000, 0x00000000a5f80000, 0x00000000e0000000)
  object space 97792K, 26% used [0x00000000a0000000,0x00000000a1920f30,0x00000000a5f80000)
 Metaspace       used 53958K, capacity 55838K, committed 56064K, reserved 1097728K
  class space    used 7246K, capacity 7626K, committed 7680K, reserved 1048576K
Event: 21.673 GC heap after
Heap after GC invocations=14 (full 2):
 PSYoungGen      total 265216K, used 16174K [0x00000000e0000000, 0x00000000f1a00000, 0x0000000100000000)
  eden space 247808K, 0% used [0x00000000e0000000,0x00000000e0000000,0x00000000ef200000)
  from space 17408K, 92% used [0x00000000f0900000,0x00000000f18cb8b0,0x00000000f1a00000)
  to   space 20480K, 0% used [0x00000000ef200000,0x00000000ef200000,0x00000000f0600000)
 ParOldGen       total 97792K, used 25739K [0x00000000a0000000, 0x00000000a5f80000, 0x00000000e0000000)
  object space 97792K, 26% used [0x00000000a0000000,0x00000000a1922f30,0x00000000a5f80000)
 Metaspace       used 53958K, capacity 55838K, committed 56064K, reserved 1097728K
  class space    used 7246K, capacity 7626K, committed 7680K, reserved 1048576K
}
Event: 22.526 GC heap before
{Heap before GC invocations=15 (full 2):
 PSYoungGen      total 265216K, used 263480K [0x00000000e0000000, 0x00000000f1a00000, 0x0000000100000000)
  eden space 247808K, 99% used [0x00000000e0000000,0x00000000ef182800,0x00000000ef200000)
  from space 17408K, 92% used [0x00000000f0900000,0x00000000f18cb8b0,0x00000000f1a00000)
  to   space 20480K, 0% used [0x00000000ef200000,0x00000000ef200000,0x00000000f0600000)
 ParOldGen       total 97792K, used 25739K [0x00000000a0000000, 0x00000000a5f80000, 0x00000000e0000000)
  object space 97792K, 26% used [0x00000000a0000000,0x00000000a1922f30,0x00000000a5f80000)
 Metaspace       used 55092K, capacity 57016K, committed 57216K, reserved 1099776K
  class space    used 7404K, capacity 7801K, committed 7808K, reserved 1048576K
Event: 22.562 GC heap after
Heap after GC invocations=15 (full 2):
 PSYoungGen      total 268288K, used 4071K [0x00000000e0000000, 0x00000000f8900000, 0x0000000100000000)
  eden space 247808K, 0% used [0x00000000e0000000,0x00000000e0000000,0x00000000ef200000)
  from space 20480K, 19% used [0x00000000ef200000,0x00000000ef5f9fc0,0x00000000f0600000)
  to   space 20992K, 0% used [0x00000000f7480000,0x00000000f7480000,0x00000000f8900000)
 ParOldGen       total 97792K, used 38385K [0x00000000a0000000, 0x00000000a5f80000, 0x00000000e0000000)
  object space 97792K, 39% used [0x00000000a0000000,0x00000000a257c7e0,0x00000000a5f80000)
 Metaspace       used 55092K, capacity 57016K, committed 57216K, reserved 1099776K
  class space    used 7404K, capacity 7801K, committed 7808K, reserved 1048576K
}
Event: 524.972 GC heap before
{Heap before GC invocations=16 (full 2):
 PSYoungGen      total 268288K, used 123655K [0x00000000e0000000, 0x00000000f8900000, 0x0000000100000000)
  eden space 247808K, 48% used [0x00000000e0000000,0x00000000e74c7dd0,0x00000000ef200000)
  from space 20480K, 19% used [0x00000000ef200000,0x00000000ef5f9fc0,0x00000000f0600000)
  to   space 20992K, 0% used [0x00000000f7480000,0x00000000f7480000,0x00000000f8900000)
 ParOldGen       total 97792K, used 38385K [0x00000000a0000000, 0x00000000a5f80000, 0x00000000e0000000)
  object space 97792K, 39% used [0x00000000a0000000,0x00000000a257c7e0,0x00000000a5f80000)
 Metaspace       used 57126K, capacity 59086K, committed 59160K, reserved 1099776K
  class space    used 7570K, capacity 7948K, committed 7960K, reserved 1048576K
Event: 525.034 GC heap after
Heap after GC invocations=16 (full 2):
 PSYoungGen      total 364032K, used 4149K [0x00000000e0000000, 0x00000000f8080000, 0x0000000100000000)
  eden space 351744K, 0% used [0x00000000e0000000,0x00000000e0000000,0x00000000f5780000)
  from space 12288K, 33% used [0x00000000f7480000,0x00000000f788d7d0,0x00000000f8080000)
  to   space 20992K, 0% used [0x00000000f5780000,0x00000000f5780000,0x00000000f6c00000)
 ParOldGen       total 97792K, used 39046K [0x00000000a0000000, 0x00000000a5f80000, 0x00000000e0000000)
  object space 97792K, 39% used [0x00000000a0000000,0x00000000a2621800,0x00000000a5f80000)
 Metaspace       used 57126K, capacity 59086K, committed 59160K, reserved 1099776K
  class space    used 7570K, capacity 7948K, committed 7960K, reserved 1048576K
}
Event: 525.034 GC heap before
{Heap before GC invocations=17 (full 3):
 PSYoungGen      total 364032K, used 4149K [0x00000000e0000000, 0x00000000f8080000, 0x0000000100000000)
  eden space 351744K, 0% used [0x00000000e0000000,0x00000000e0000000,0x00000000f5780000)
  from space 12288K, 33% used [0x00000000f7480000,0x00000000f788d7d0,0x00000000f8080000)
  to   space 20992K, 0% used [0x00000000f5780000,0x00000000f5780000,0x00000000f6c00000)
 ParOldGen       total 97792K, used 39046K [0x00000000a0000000, 0x00000000a5f80000, 0x00000000e0000000)
  object space 97792K, 39% used [0x00000000a0000000,0x00000000a2621800,0x00000000a5f80000)
 Metaspace       used 57126K, capacity 59086K, committed 59160K, reserved 1099776K
  class space    used 7570K, capacity 7948K, committed 7960K, reserved 1048576K
Event: 525.380 GC heap after
Heap after GC invocations=17 (full 3):
 PSYoungGen      total 364032K, used 0K [0x00000000e0000000, 0x00000000f8080000, 0x0000000100000000)
  eden space 351744K, 0% used [0x00000000e0000000,0x00000000e0000000,0x00000000f5780000)
  from space 12288K, 0% used [0x00000000f7480000,0x00000000f7480000,0x00000000f8080000)
  to   space 20992K, 0% used [0x00000000f5780000,0x00000000f5780000,0x00000000f6c00000)
 ParOldGen       total 125952K, used 30098K [0x00000000a0000000, 0x00000000a7b00000, 0x00000000e0000000)
  object space 125952K, 23% used [0x00000000a0000000,0x00000000a1d64a68,0x00000000a7b00000)
 Metaspace       used 57124K, capacity 59080K, committed 59160K, reserved 1099776K
  class space    used 7570K, capacity 7947K, committed 7960K, reserved 1048576K
}

