# JRE version: OpenJDK Runtime Environment (8.0_112-b06) (build 1.8.0_112-release-b06)
# Java VM: OpenJDK 64-Bit Server VM (25.112-b06 mixed mode windows-amd64 compressed oops)
Heap:
 PSYoungGen      total 230400K, used 60975K [0x00000000e0000000, 0x00000000f4400000, 0x0000000100000000)
  eden space 195072K, 28% used [0x00000000e0000000,0x00000000e362c990,0x00000000ebe80000)
  from space 35328K, 15% used [0x00000000ebe80000,0x00000000ec3df5a8,0x00000000ee100000)
  to   space 35328K, 0% used [0x00000000f2180000,0x00000000f2180000,0x00000000f4400000)
 ParOldGen       total 131072K, used 34757K [0x00000000a0000000, 0x00000000a8000000, 0x00000000e0000000)
  object space 131072K, 26% used [0x00000000a0000000,0x00000000a21f17d8,0x00000000a8000000)
 Metaspace       used 60434K, capacity 62708K, committed 62976K, reserved 1103872K
  class space    used 7753K, capacity 8173K, committed 8192K, reserved 1048576K
GC Heap History (10 events):
Event: 18.852 GC heap before
{Heap before GC invocations=18 (full 2):
 PSYoungGen      total 141824K, used 141442K [0x00000000e0000000, 0x00000000ec900000, 0x0000000100000000)
  eden space 117760K, 99% used [0x00000000e0000000,0x00000000e72a6800,0x00000000e7300000)
  from space 24064K, 99% used [0x00000000e7300000,0x00000000e8a7a300,0x00000000e8a80000)
  to   space 27648K, 0% used [0x00000000eae00000,0x00000000eae00000,0x00000000ec900000)
 ParOldGen       total 102400K, used 29704K [0x00000000a0000000, 0x00000000a6400000, 0x00000000e0000000)
  object space 102400K, 29% used [0x00000000a0000000,0x00000000a1d02270,0x00000000a6400000)
 Metaspace       used 57187K, capacity 59046K, committed 59136K, reserved 1099776K
  class space    used 7539K, capacity 7892K, committed 7936K, reserved 1048576K
Event: 18.882 GC heap after
Heap after GC invocations=18 (full 2):
 PSYoungGen      total 174592K, used 26595K [0x00000000e0000000, 0x00000000ecf80000, 0x0000000100000000)
  eden space 146944K, 0% used [0x00000000e0000000,0x00000000e0000000,0x00000000e8f80000)
  from space 27648K, 96% used [0x00000000eae00000,0x00000000ec7f8f90,0x00000000ec900000)
  to   space 31232K, 0% used [0x00000000e8f80000,0x00000000e8f80000,0x00000000eae00000)
 ParOldGen       total 102400K, used 29712K [0x00000000a0000000, 0x00000000a6400000, 0x00000000e0000000)
  object space 102400K, 29% used [0x00000000a0000000,0x00000000a1d04270,0x00000000a6400000)
 Metaspace       used 57187K, capacity 59046K, committed 59136K, reserved 1099776K
  class space    used 7539K, capacity 7892K, committed 7936K, reserved 1048576K
}
Event: 18.914 GC heap before
{Heap before GC invocations=19 (full 2):
 PSYoungGen      total 174592K, used 172686K [0x00000000e0000000, 0x00000000ecf80000, 0x0000000100000000)
  eden space 146944K, 99% used [0x00000000e0000000,0x00000000e8eaa9b8,0x00000000e8f80000)
  from space 27648K, 96% used [0x00000000eae00000,0x00000000ec7f8f90,0x00000000ec900000)
  to   space 31232K, 0% used [0x00000000e8f80000,0x00000000e8f80000,0x00000000eae00000)
 ParOldGen       total 102400K, used 29712K [0x00000000a0000000, 0x00000000a6400000, 0x00000000e0000000)
  object space 102400K, 29% used [0x00000000a0000000,0x00000000a1d04270,0x00000000a6400000)
 Metaspace       used 57192K, capacity 59046K, committed 59136K, reserved 1099776K
  class space    used 7539K, capacity 7892K, committed 7936K, reserved 1048576K
Event: 18.941 GC heap after
Heap after GC invocations=19 (full 2):
 PSYoungGen      total 178176K, used 25098K [0x00000000e0000000, 0x00000000f0200000, 0x0000000100000000)
  eden space 146944K, 0% used [0x00000000e0000000,0x00000000e0000000,0x00000000e8f80000)
  from space 31232K, 80% used [0x00000000e8f80000,0x00000000ea802b40,0x00000000eae00000)
  to   space 33792K, 0% used [0x00000000ee100000,0x00000000ee100000,0x00000000f0200000)
 ParOldGen       total 102400K, used 29720K [0x00000000a0000000, 0x00000000a6400000, 0x00000000e0000000)
  object space 102400K, 29% used [0x00000000a0000000,0x00000000a1d06270,0x00000000a6400000)
 Metaspace       used 57192K, capacity 59046K, committed 59136K, reserved 1099776K
  class space    used 7539K, capacity 7892K, committed 7936K, reserved 1048576K
}
Event: 19.004 GC heap before
{Heap before GC invocations=20 (full 2):
 PSYoungGen      total 178176K, used 107510K [0x00000000e0000000, 0x00000000f0200000, 0x0000000100000000)
  eden space 146944K, 56% used [0x00000000e0000000,0x00000000e507ad50,0x00000000e8f80000)
  from space 31232K, 80% used [0x00000000e8f80000,0x00000000ea802b40,0x00000000eae00000)
  to   space 33792K, 0% used [0x00000000ee100000,0x00000000ee100000,0x00000000f0200000)
 ParOldGen       total 102400K, used 29720K [0x00000000a0000000, 0x00000000a6400000, 0x00000000e0000000)
  object space 102400K, 29% used [0x00000000a0000000,0x00000000a1d06270,0x00000000a6400000)
 Metaspace       used 57261K, capacity 59074K, committed 59136K, reserved 1099776K
  class space    used 7548K, capacity 7896K, committed 7936K, reserved 1048576K
Event: 19.032 GC heap after
Heap after GC invocations=20 (full 2):
 PSYoungGen      total 228864K, used 24558K [0x00000000e0000000, 0x00000000f0700000, 0x0000000100000000)
  eden space 195072K, 0% used [0x00000000e0000000,0x00000000e0000000,0x00000000ebe80000)
  from space 33792K, 72% used [0x00000000ee100000,0x00000000ef8fb908,0x00000000f0200000)
  to   space 35328K, 0% used [0x00000000ebe80000,0x00000000ebe80000,0x00000000ee100000)
 ParOldGen       total 102400K, used 29720K [0x00000000a0000000, 0x00000000a6400000, 0x00000000e0000000)
  object space 102400K, 29% used [0x00000000a0000000,0x00000000a1d06270,0x00000000a6400000)
 Metaspace       used 57261K, capacity 59074K, committed 59136K, reserved 1099776K
  class space    used 7548K, capacity 7896K, committed 7936K, reserved 1048576K
}
Event: 19.032 GC heap before
{Heap before GC invocations=21 (full 3):
 PSYoungGen      total 228864K, used 24558K [0x00000000e0000000, 0x00000000f0700000, 0x0000000100000000)
  eden space 195072K, 0% used [0x00000000e0000000,0x00000000e0000000,0x00000000ebe80000)
  from space 33792K, 72% used [0x00000000ee100000,0x00000000ef8fb908,0x00000000f0200000)
  to   space 35328K, 0% used [0x00000000ebe80000,0x00000000ebe80000,0x00000000ee100000)
 ParOldGen       total 102400K, used 29720K [0x00000000a0000000, 0x00000000a6400000, 0x00000000e0000000)
  object space 102400K, 29% used [0x00000000a0000000,0x00000000a1d06270,0x00000000a6400000)
 Metaspace       used 57261K, capacity 59074K, committed 59136K, reserved 1099776K
  class space    used 7548K, capacity 7896K, committed 7936K, reserved 1048576K
Event: 19.323 GC heap after
Heap after GC invocations=21 (full 3):
 PSYoungGen      total 228864K, used 0K [0x00000000e0000000, 0x00000000f0700000, 0x0000000100000000)
  eden space 195072K, 0% used [0x00000000e0000000,0x00000000e0000000,0x00000000ebe80000)
  from space 33792K, 0% used [0x00000000ee100000,0x00000000ee100000,0x00000000f0200000)
  to   space 35328K, 0% used [0x00000000ebe80000,0x00000000ebe80000,0x00000000ee100000)
 ParOldGen       total 131072K, used 34749K [0x00000000a0000000, 0x00000000a8000000, 0x00000000e0000000)
  object space 131072K, 26% used [0x00000000a0000000,0x00000000a21ef7d8,0x00000000a8000000)
 Metaspace       used 57260K, capacity 59068K, committed 59136K, reserved 1099776K
  class space    used 7548K, capacity 7895K, committed 7936K, reserved 1048576K
}
Event: 78.152 GC heap before
{Heap before GC invocations=22 (full 3):
 PSYoungGen      total 228864K, used 195072K [0x00000000e0000000, 0x00000000f0700000, 0x0000000100000000)
  eden space 195072K, 100% used [0x00000000e0000000,0x00000000ebe80000,0x00000000ebe80000)
  from space 33792K, 0% used [0x00000000ee100000,0x00000000ee100000,0x00000000f0200000)
  to   space 35328K, 0% used [0x00000000ebe80000,0x00000000ebe80000,0x00000000ee100000)
 ParOldGen       total 131072K, used 34749K [0x00000000a0000000, 0x00000000a8000000, 0x00000000e0000000)
  object space 131072K, 26% used [0x00000000a0000000,0x00000000a21ef7d8,0x00000000a8000000)
 Metaspace       used 60273K, capacity 62484K, committed 62720K, reserved 1103872K
  class space    used 7739K, capacity 8153K, committed 8192K, reserved 1048576K
Event: 78.166 GC heap after
Heap after GC invocations=22 (full 3):
 PSYoungGen      total 230400K, used 5501K [0x00000000e0000000, 0x00000000f4400000, 0x0000000100000000)
  eden space 195072K, 0% used [0x00000000e0000000,0x00000000e0000000,0x00000000ebe80000)
  from space 35328K, 15% used [0x00000000ebe80000,0x00000000ec3df5a8,0x00000000ee100000)
  to   space 35328K, 0% used [0x00000000f2180000,0x00000000f2180000,0x00000000f4400000)
 ParOldGen       total 131072K, used 34757K [0x00000000a0000000, 0x00000000a8000000, 0x00000000e0000000)
  object space 131072K, 26% used [0x00000000a0000000,0x00000000a21f17d8,0x00000000a8000000)
 Metaspace       used 60273K, capacity 62484K, committed 62720K, reserved 1103872K
  class space    used 7739K, capacity 8153K, committed 8192K, reserved 1048576K
}

