# JRE version: OpenJDK Runtime Environment (8.0_112-b06) (build 1.8.0_112-release-b06)
# Java VM: OpenJDK 64-Bit Server VM (25.112-b06 mixed mode windows-amd64 compressed oops)
Heap:
 PSYoungGen      total 95744K, used 40085K [0x00000000e0000000, 0x00000000e8b80000, 0x0000000100000000)
  eden space 84480K, 47% used [0x00000000e0000000,0x00000000e2725798,0x00000000e5280000)
  from space 11264K, 0% used [0x00000000e5280000,0x00000000e5280000,0x00000000e5d80000)
  to   space 11264K, 0% used [0x00000000e8080000,0x00000000e8080000,0x00000000e8b80000)
 ParOldGen       total 81920K, used 14311K [0x00000000a0000000, 0x00000000a5000000, 0x00000000e0000000)
  object space 81920K, 17% used [0x00000000a0000000,0x00000000a0df9f20,0x00000000a5000000)
 Metaspace       used 37161K, capacity 37838K, committed 38016K, reserved 1081344K
  class space    used 4950K, capacity 5163K, committed 5248K, reserved 1048576K
GC Heap History (10 events):
Event: 41.881 GC heap before
{Heap before GC invocations=7 (full 1):
 PSYoungGen      total 38400K, used 38024K [0x00000000e0000000, 0x00000000e4900000, 0x0000000100000000)
  eden space 33280K, 100% used [0x00000000e0000000,0x00000000e2080000,0x00000000e2080000)
  from space 5120K, 92% used [0x00000000e2080000,0x00000000e2522370,0x00000000e2580000)
  to   space 10752K, 0% used [0x00000000e3e80000,0x00000000e3e80000,0x00000000e4900000)
 ParOldGen       total 60928K, used 8926K [0x00000000a0000000, 0x00000000a3b80000, 0x00000000e0000000)
  object space 60928K, 14% used [0x00000000a0000000,0x00000000a08b7928,0x00000000a3b80000)
 Metaspace       used 26092K, capacity 26432K, committed 26752K, reserved 1073152K
  class space    used 3591K, capacity 3693K, committed 3712K, reserved 1048576K
Event: 42.000 GC heap after
Heap after GC invocations=7 (full 1):
 PSYoungGen      total 64512K, used 5204K [0x00000000e0000000, 0x00000000e4a00000, 0x0000000100000000)
  eden space 53760K, 0% used [0x00000000e0000000,0x00000000e0000000,0x00000000e3480000)
  from space 10752K, 48% used [0x00000000e3e80000,0x00000000e4395298,0x00000000e4900000)
  to   space 10240K, 0% used [0x00000000e3480000,0x00000000e3480000,0x00000000e3e80000)
 ParOldGen       total 60928K, used 8926K [0x00000000a0000000, 0x00000000a3b80000, 0x00000000e0000000)
  object space 60928K, 14% used [0x00000000a0000000,0x00000000a08b7928,0x00000000a3b80000)
 Metaspace       used 26092K, capacity 26432K, committed 26752K, reserved 1073152K
  class space    used 3591K, capacity 3693K, committed 3712K, reserved 1048576K
}
Event: 48.390 GC heap before
{Heap before GC invocations=8 (full 1):
 PSYoungGen      total 64512K, used 58964K [0x00000000e0000000, 0x00000000e4a00000, 0x0000000100000000)
  eden space 53760K, 100% used [0x00000000e0000000,0x00000000e3480000,0x00000000e3480000)
  from space 10752K, 48% used [0x00000000e3e80000,0x00000000e4395298,0x00000000e4900000)
  to   space 10240K, 0% used [0x00000000e3480000,0x00000000e3480000,0x00000000e3e80000)
 ParOldGen       total 60928K, used 8926K [0x00000000a0000000, 0x00000000a3b80000, 0x00000000e0000000)
  object space 60928K, 14% used [0x00000000a0000000,0x00000000a08b7928,0x00000000a3b80000)
 Metaspace       used 28906K, capacity 29344K, committed 29696K, reserved 1075200K
  class space    used 3906K, capacity 4045K, committed 4096K, reserved 1048576K
Event: 48.401 GC heap after
Heap after GC invocations=8 (full 1):
 PSYoungGen      total 64000K, used 5842K [0x00000000e0000000, 0x00000000e6700000, 0x0000000100000000)
  eden space 53760K, 0% used [0x00000000e0000000,0x00000000e0000000,0x00000000e3480000)
  from space 10240K, 57% used [0x00000000e3480000,0x00000000e3a349e0,0x00000000e3e80000)
  to   space 9728K, 0% used [0x00000000e5d80000,0x00000000e5d80000,0x00000000e6700000)
 ParOldGen       total 60928K, used 8942K [0x00000000a0000000, 0x00000000a3b80000, 0x00000000e0000000)
  object space 60928K, 14% used [0x00000000a0000000,0x00000000a08bb928,0x00000000a3b80000)
 Metaspace       used 28906K, capacity 29344K, committed 29696K, reserved 1075200K
  class space    used 3906K, capacity 4045K, committed 4096K, reserved 1048576K
}
Event: 59.327 GC heap before
{Heap before GC invocations=9 (full 1):
 PSYoungGen      total 64000K, used 59602K [0x00000000e0000000, 0x00000000e6700000, 0x0000000100000000)
  eden space 53760K, 100% used [0x00000000e0000000,0x00000000e3480000,0x00000000e3480000)
  from space 10240K, 57% used [0x00000000e3480000,0x00000000e3a349e0,0x00000000e3e80000)
  to   space 9728K, 0% used [0x00000000e5d80000,0x00000000e5d80000,0x00000000e6700000)
 ParOldGen       total 60928K, used 8942K [0x00000000a0000000, 0x00000000a3b80000, 0x00000000e0000000)
  object space 60928K, 14% used [0x00000000a0000000,0x00000000a08bb928,0x00000000a3b80000)
 Metaspace       used 34152K, capacity 34730K, committed 34944K, reserved 1079296K
  class space    used 4556K, capacity 4717K, committed 4736K, reserved 1048576K
Event: 59.504 GC heap after
Heap after GC invocations=9 (full 1):
 PSYoungGen      total 94208K, used 9703K [0x00000000e0000000, 0x00000000e6c00000, 0x0000000100000000)
  eden space 84480K, 0% used [0x00000000e0000000,0x00000000e0000000,0x00000000e5280000)
  from space 9728K, 99% used [0x00000000e5d80000,0x00000000e66f9eb8,0x00000000e6700000)
  to   space 11264K, 0% used [0x00000000e5280000,0x00000000e5280000,0x00000000e5d80000)
 ParOldGen       total 60928K, used 9936K [0x00000000a0000000, 0x00000000a3b80000, 0x00000000e0000000)
  object space 60928K, 16% used [0x00000000a0000000,0x00000000a09b4318,0x00000000a3b80000)
 Metaspace       used 34152K, capacity 34730K, committed 34944K, reserved 1079296K
  class space    used 4556K, capacity 4717K, committed 4736K, reserved 1048576K
}
Event: 61.436 GC heap before
{Heap before GC invocations=10 (full 1):
 PSYoungGen      total 94208K, used 35121K [0x00000000e0000000, 0x00000000e6c00000, 0x0000000100000000)
  eden space 84480K, 30% used [0x00000000e0000000,0x00000000e18d28d8,0x00000000e5280000)
  from space 9728K, 99% used [0x00000000e5d80000,0x00000000e66f9eb8,0x00000000e6700000)
  to   space 11264K, 0% used [0x00000000e5280000,0x00000000e5280000,0x00000000e5d80000)
 ParOldGen       total 60928K, used 9936K [0x00000000a0000000, 0x00000000a3b80000, 0x00000000e0000000)
  object space 60928K, 16% used [0x00000000a0000000,0x00000000a09b4318,0x00000000a3b80000)
 Metaspace       used 34769K, capacity 35350K, committed 35496K, reserved 1079296K
  class space    used 4642K, capacity 4815K, committed 4864K, reserved 1048576K
Event: 61.496 GC heap after
Heap after GC invocations=10 (full 1):
 PSYoungGen      total 95744K, used 4689K [0x00000000e0000000, 0x00000000e8b80000, 0x0000000100000000)
  eden space 84480K, 0% used [0x00000000e0000000,0x00000000e0000000,0x00000000e5280000)
  from space 11264K, 41% used [0x00000000e5280000,0x00000000e5714738,0x00000000e5d80000)
  to   space 11264K, 0% used [0x00000000e8080000,0x00000000e8080000,0x00000000e8b80000)
 ParOldGen       total 60928K, used 13229K [0x00000000a0000000, 0x00000000a3b80000, 0x00000000e0000000)
  object space 60928K, 21% used [0x00000000a0000000,0x00000000a0ceb678,0x00000000a3b80000)
 Metaspace       used 34769K, capacity 35350K, committed 35496K, reserved 1079296K
  class space    used 4642K, capacity 4815K, committed 4864K, reserved 1048576K
}
Event: 61.496 GC heap before
{Heap before GC invocations=11 (full 2):
 PSYoungGen      total 95744K, used 4689K [0x00000000e0000000, 0x00000000e8b80000, 0x0000000100000000)
  eden space 84480K, 0% used [0x00000000e0000000,0x00000000e0000000,0x00000000e5280000)
  from space 11264K, 41% used [0x00000000e5280000,0x00000000e5714738,0x00000000e5d80000)
  to   space 11264K, 0% used [0x00000000e8080000,0x00000000e8080000,0x00000000e8b80000)
 ParOldGen       total 60928K, used 13229K [0x00000000a0000000, 0x00000000a3b80000, 0x00000000e0000000)
  object space 60928K, 21% used [0x00000000a0000000,0x00000000a0ceb678,0x00000000a3b80000)
 Metaspace       used 34769K, capacity 35350K, committed 35496K, reserved 1079296K
  class space    used 4642K, capacity 4815K, committed 4864K, reserved 1048576K
Event: 61.782 GC heap after
Heap after GC invocations=11 (full 2):
 PSYoungGen      total 95744K, used 0K [0x00000000e0000000, 0x00000000e8b80000, 0x0000000100000000)
  eden space 84480K, 0% used [0x00000000e0000000,0x00000000e0000000,0x00000000e5280000)
  from space 11264K, 0% used [0x00000000e5280000,0x00000000e5280000,0x00000000e5d80000)
  to   space 11264K, 0% used [0x00000000e8080000,0x00000000e8080000,0x00000000e8b80000)
 ParOldGen       total 81920K, used 14311K [0x00000000a0000000, 0x00000000a5000000, 0x00000000e0000000)
  object space 81920K, 17% used [0x00000000a0000000,0x00000000a0df9f20,0x00000000a5000000)
 Metaspace       used 34769K, capacity 35350K, committed 35496K, reserved 1079296K
  class space    used 4642K, capacity 4815K, committed 4864K, reserved 1048576K
}

